<?xml version="1.0" encoding="UTF-8"?>
<testng-results ignored="0" total="1" passed="1" failed="0" skipped="0">
  <reporter-output>
  </reporter-output>
  <suite started-at="2024-08-04T09:56:23 IST" name="Default suite" finished-at="2024-08-04T09:56:42 IST" duration-ms="19114">
    <groups>
    </groups>
    <test started-at="2024-08-04T09:56:23 IST" name="Default test" finished-at="2024-08-04T09:56:42 IST" duration-ms="19114">
      <class name="com.fitpeoFunctionTest.ReimbursementFunctionalTest">
        <test-method signature="validate_total_recurring_reimbursement()[pri:0, instance:com.fitpeoFunctionTest.ReimbursementFunctionalTest@644baf4a]" started-at="2024-08-04T09:56:23 IST" name="validate_total_recurring_reimbursement" finished-at="2024-08-04T09:56:42 IST" duration-ms="19024" status="PASS">
          <reporter-output>
          </reporter-output>
        </test-method> <!-- validate_total_recurring_reimbursement -->
      </class> <!-- com.fitpeoFunctionTest.ReimbursementFunctionalTest -->
    </test> <!-- Default test -->
  </suite> <!-- Default suite -->
</testng-results>
